<testsuite name="Django Project Tests" errors="0" failures="0" skips="0" tests="45" time="331.475"><testcase time="1.086175" classname="manager.test.test_models.test_modeles" name="test_School" /><testcase time="1.717093" classname="manager.test.test_models.test_modeles" name="test_contactus" /><testcase time="1.914467" classname="manager.test.test_models.test_modeles" name="test_feedbacks" /><testcase time="1.695433" classname="manager.test.test_models.test_modeles" name="test_logss" /><testcase time="1.667256" classname="manager.test.test_models.test_modeles" name="test_messegerequest" /><testcase time="2.027203" classname="manager.test.test_models.test_modeles" name="test_volinstances" /><testcase time="0.005997" classname="manager.test.test_url.test_urls_manager" name="test_aboutus_url_is_resloved" /><testcase time="0.000993" classname="manager.test.test_url.test_urls_manager" name="test_addcoordinator_url_is_resloved" /><testcase time="0.000996" classname="manager.test.test_url.test_urls_manager" name="test_addschool_url_is_resloved" /><testcase time="0.000000" classname="manager.test.test_url.test_urls_manager" name="test_changepic_url_is_resloved" /><testcase time="0.000000" classname="manager.test.test_url.test_urls_manager" name="test_contactus_url_is_resloved" /><testcase time="0.001086" classname="manager.test.test_url.test_urls_manager" name="test_contactuspage_url_is_resloved" /><testcase time="0.000000" classname="manager.test.test_url.test_urls_manager" name="test_login_url_is_resloved" /><testcase time="0.001000" classname="manager.test.test_url.test_urls_manager" name="test_logoutUser_url_is_resloved" /><testcase time="0.000000" classname="manager.test.test_url.test_urls_manager" name="test_mainpage_url_is_resloved" /><testcase time="0.000000" classname="manager.test.test_url.test_urls_manager" name="test_oldfeedbacks_url_is_resloved" /><testcase time="0.001000" classname="manager.test.test_url.test_urls_manager" name="test_send_feedbacks_url_is_resloved" /><testcase time="0.000000" classname="manager.test.test_url.test_urls_manager" name="test_spfeedback_url_is_resloved" /><testcase time="0.000000" classname="manager.test.test_url.test_urls_manager" name="test_urgent_url_is_resloved" /><testcase time="0.000000" classname="manager.test.test_url.test_urls_manager" name="test_viewfeedbacks_url_is_resloved" /><testcase time="1.479307" classname="manager.test.test_view.Testview" name="test_aboutus" /><testcase time="1.319544" classname="manager.test.test_view.Testview" name="test_addcoordinator" /><testcase time="1.477978" classname="manager.test.test_view.Testview" name="test_addschool" /><testcase time="0.002993" classname="manager.test.test_view.Testview" name="test_changepic" /><testcase time="1.070323" classname="manager.test.test_view.Testview" name="test_contactus" /><testcase time="0.007023" classname="manager.test.test_view.Testview" name="test_login" /><testcase time="0.002999" classname="manager.test.test_view.Testview" name="test_logout" /><testcase time="1.080093" classname="manager.test.test_view.Testview" name="test_mainpage" /><testcase time="1.555022" classname="manager.test.test_view.Testview" name="test_oldfeedbacks" /><testcase time="1.318740" classname="manager.test.test_view.Testview" name="test_oldfeedbacks2" /><testcase time="1.587544" classname="manager.test.test_view.Testview" name="test_send_feedback" /><testcase time="1.253029" classname="manager.test.test_view.Testview" name="test_urgent" /><testcase time="1.672860" classname="manager.test.test_view.Testview" name="test_viewfeedbacks" /><testcase time="0.001052" classname="voulnteers.test.test_urls.test_urls_voulnteers" name="test_changepic_url_is_resloved" /><testcase time="0.000000" classname="voulnteers.test.test_urls.test_urls_voulnteers" name="test_createaccount_url_is_resloved" /><testcase time="0.001081" classname="voulnteers.test.test_urls.test_urls_voulnteers" name="test_feedback_view_url_is_resloved" /><testcase time="0.000997" classname="voulnteers.test.test_urls.test_urls_voulnteers" name="test_index_url_is_resloved" /><testcase time="0.000000" classname="voulnteers.test.test_urls.test_urls_voulnteers" name="test_logoutvoulnteer_url_is_resloved" /><testcase time="0.000000" classname="voulnteers.test.test_urls.test_urls_voulnteers" name="test_mainpage_url_is_resloved" /><testcase time="0.001000" classname="voulnteers.test.test_urls.test_urls_voulnteers" name="test_oldfeedbacks1_url_is_resloved" /><testcase time="0.000000" classname="voulnteers.test.test_urls.test_urls_voulnteers" name="test_request_url_is_resloved" /><testcase time="0.001007" classname="voulnteers.test.test_urls.test_urls_voulnteers" name="test_schoolinfo_url_is_resloved" /><testcase time="0.000000" classname="voulnteers.test.test_urls.test_urls_voulnteers" name="test_schools_url_is_resloved" /><testcase time="0.000998" classname="voulnteers.test.test_urls.test_urls_voulnteers" name="test_show_events_url_is_resloved" /><testcase time="0.001005" classname="voulnteers.test.test_urls.test_urls_voulnteers" name="test_spfeedback_url_is_resloved" /></testsuite>